1610718550.793688 client started (28973): version 3.1c, socket /tmp/tmux-1000/default, protocol 8
1610718550.793721 on Linux 5.10.6-arch1-1 #1 SMP PREEMPT Sat, 09 Jan 2021 18:22:35 +0000; libevent 2.1.12-stable (poll)
1610718550.793741 socket is /tmp/tmux-1000/default
1610718550.793754 trying connect
1610718550.793812 add peer 0x55fac4ae6c20: 6 ((nil))
1610718550.793884 sending message 100 to peer 0x55fac4ae6c20 (4 bytes)
1610718550.793897 sending message 101 to peer 0x55fac4ae6c20 (15 bytes)
1610718550.793904 sending message 102 to peer 0x55fac4ae6c20 (11 bytes)
1610718550.793910 sending message 108 to peer 0x55fac4ae6c20 (58 bytes)
1610718550.793917 sending message 104 to peer 0x55fac4ae6c20 (0 bytes)
1610718550.793923 sending message 107 to peer 0x55fac4ae6c20 (4 bytes)
1610718550.793929 sending message 105 to peer 0x55fac4ae6c20 (30 bytes)
1610718550.793938 sending message 105 to peer 0x55fac4ae6c20 (15 bytes)
1610718550.793944 sending message 105 to peer 0x55fac4ae6c20 (20 bytes)
1610718550.793950 sending message 105 to peer 0x55fac4ae6c20 (54 bytes)
1610718550.793956 sending message 105 to peer 0x55fac4ae6c20 (44 bytes)
1610718550.793962 sending message 105 to peer 0x55fac4ae6c20 (11 bytes)
1610718550.793968 sending message 105 to peer 0x55fac4ae6c20 (92 bytes)
1610718550.793974 sending message 105 to peer 0x55fac4ae6c20 (32 bytes)
1610718550.793980 sending message 105 to peer 0x55fac4ae6c20 (79 bytes)
1610718550.793986 sending message 105 to peer 0x55fac4ae6c20 (20 bytes)
1610718550.793991 sending message 105 to peer 0x55fac4ae6c20 (28 bytes)
1610718550.793997 sending message 105 to peer 0x55fac4ae6c20 (22 bytes)
1610718550.794003 sending message 105 to peer 0x55fac4ae6c20 (21 bytes)
1610718550.794009 sending message 105 to peer 0x55fac4ae6c20 (22 bytes)
1610718550.794015 sending message 105 to peer 0x55fac4ae6c20 (27 bytes)
1610718550.794020 sending message 105 to peer 0x55fac4ae6c20 (33 bytes)
1610718550.794026 sending message 105 to peer 0x55fac4ae6c20 (23 bytes)
1610718550.794032 sending message 105 to peer 0x55fac4ae6c20 (18 bytes)
1610718550.794038 sending message 105 to peer 0x55fac4ae6c20 (10 bytes)
1610718550.794043 sending message 105 to peer 0x55fac4ae6c20 (20 bytes)
1610718550.794049 sending message 105 to peer 0x55fac4ae6c20 (17 bytes)
1610718550.794055 sending message 105 to peer 0x55fac4ae6c20 (30 bytes)
1610718550.794061 sending message 105 to peer 0x55fac4ae6c20 (15 bytes)
1610718550.794075 sending message 105 to peer 0x55fac4ae6c20 (41 bytes)
1610718550.794083 sending message 105 to peer 0x55fac4ae6c20 (43 bytes)
1610718550.794089 sending message 105 to peer 0x55fac4ae6c20 (50 bytes)
1610718550.794095 sending message 105 to peer 0x55fac4ae6c20 (234 bytes)
1610718550.794102 sending message 105 to peer 0x55fac4ae6c20 (13 bytes)
1610718550.794108 sending message 105 to peer 0x55fac4ae6c20 (62 bytes)
1610718550.794114 sending message 105 to peer 0x55fac4ae6c20 (30 bytes)
1610718550.794120 sending message 105 to peer 0x55fac4ae6c20 (88 bytes)
1610718550.794126 sending message 105 to peer 0x55fac4ae6c20 (19 bytes)
1610718550.794132 sending message 105 to peer 0x55fac4ae6c20 (50 bytes)
1610718550.794138 sending message 105 to peer 0x55fac4ae6c20 (8 bytes)
1610718550.794145 sending message 105 to peer 0x55fac4ae6c20 (20 bytes)
1610718550.794151 sending message 105 to peer 0x55fac4ae6c20 (14 bytes)
1610718550.794157 sending message 105 to peer 0x55fac4ae6c20 (18 bytes)
1610718550.794163 sending message 105 to peer 0x55fac4ae6c20 (38 bytes)
1610718550.794169 sending message 105 to peer 0x55fac4ae6c20 (16 bytes)
1610718550.794175 sending message 105 to peer 0x55fac4ae6c20 (28 bytes)
1610718550.794181 sending message 105 to peer 0x55fac4ae6c20 (24 bytes)
1610718550.794187 sending message 105 to peer 0x55fac4ae6c20 (123 bytes)
1610718550.794193 sending message 105 to peer 0x55fac4ae6c20 (31 bytes)
1610718550.794199 sending message 105 to peer 0x55fac4ae6c20 (15 bytes)
1610718550.794205 sending message 105 to peer 0x55fac4ae6c20 (52 bytes)
1610718550.794211 sending message 105 to peer 0x55fac4ae6c20 (23 bytes)
1610718550.794225 sending message 105 to peer 0x55fac4ae6c20 (24 bytes)
1610718550.794232 sending message 105 to peer 0x55fac4ae6c20 (17 bytes)
1610718550.794238 sending message 105 to peer 0x55fac4ae6c20 (58 bytes)
1610718550.794244 sending message 105 to peer 0x55fac4ae6c20 (21 bytes)
1610718550.794251 sending message 105 to peer 0x55fac4ae6c20 (11 bytes)
1610718550.794257 sending message 105 to peer 0x55fac4ae6c20 (16 bytes)
1610718550.794263 sending message 105 to peer 0x55fac4ae6c20 (13 bytes)
1610718550.794269 sending message 105 to peer 0x55fac4ae6c20 (41 bytes)
1610718550.794275 sending message 106 to peer 0x55fac4ae6c20 (0 bytes)
1610718550.794281 sending message 200 to peer 0x55fac4ae6c20 (4 bytes)
1610718550.794287 client loop enter
1610718550.798997 peer 0x55fac4ae6c20 message 207
1610718550.799026 sending message 208 to peer 0x55fac4ae6c20 (0 bytes)
1610718555.086247 peer 0x55fac4ae6c20 message 203
1610718555.086292 sending message 205 to peer 0x55fac4ae6c20 (0 bytes)
1610718555.086841 peer 0x55fac4ae6c20 message 204
1610718555.086874 client loop exit
